2023-11-12 00:01:28,466 - DEBUG: CoInitializeEx(None, 2)
2023-11-12 00:01:28,528 - INFO: Imported existing <module 'comtypes.gen' from 'C:\\Users\\cjswo\\PycharmProjects\\ai3\\venv\\lib\\site-packages\\comtypes\\gen\\__init__.py'>
2023-11-12 00:01:28,528 - INFO: Using writeable comtypes cache directory: 'C:\Users\cjswo\PycharmProjects\ai3\venv\lib\site-packages\comtypes\gen'
2023-11-12 00:01:28,552 - DEBUG: SAPI.SPVoice -> {96749377-3391-11D2-9EE3-00C04F797396}
2023-11-12 00:01:28,552 - DEBUG: CoCreateInstance({96749377-3391-11D2-9EE3-00C04F797396}, clsctx=None, interface=None)
2023-11-12 00:01:28,557 - DEBUG: GetBestInterface(<POINTER(IUnknown) ptr=0x1c6c24892f0 at 1c6ed80d8c0>)
2023-11-12 00:01:28,557 - DEBUG: Does implement IProvideClassInfo
2023-11-12 00:01:28,558 - DEBUG: Default interface is {269316D8-57BD-11D2-9EEE-00C04F797396}
2023-11-12 00:01:28,558 - DEBUG: Release <POINTER(IUnknown) ptr=0x1c6c2489330 at 1c6ed80ddc0>
2023-11-12 00:01:28,558 - DEBUG: GetModule(TLIBATTR(GUID={C866CA3A-32F7-11D2-9602-00C04F8EE628}, Version=5.4, LCID=0, FLags=0x8))
2023-11-12 00:01:28,558 - DEBUG: Implements default interface from typeinfo <class 'comtypes.gen._C866CA3A_32F7_11D2_9602_00C04F8EE628_0_5_4.ISpeechVoice'>
2023-11-12 00:01:28,559 - DEBUG: Final result is <POINTER(ISpeechVoice) ptr=0x1c6c2489330 at 1c6ed80de40>
2023-11-12 00:01:28,559 - DEBUG: Release <POINTER(IProvideClassInfo) ptr=0x1c6c2489350 at 1c6ed80d7c0>
2023-11-12 00:01:28,559 - DEBUG: Release <POINTER(ITypeInfo) ptr=0x1c6ebd130c8 at 1c6ed80d6c0>
2023-11-12 00:01:28,559 - DEBUG: Release <POINTER(ITypeInfo) ptr=0x1c6ebd13120 at 1c6ed80dbc0>
2023-11-12 00:01:28,559 - DEBUG: Release <POINTER(ITypeLib) ptr=0x1c6ebd98410 at 1c6ed80ddc0>
2023-11-12 00:01:28,559 - DEBUG: Release <POINTER(IUnknown) ptr=0x1c6c24892f0 at 1c6ed80d8c0>
2023-11-12 00:01:28,559 - DEBUG: <POINTER(ISpeechVoice) ptr=0x1c6c2489330 at 1c6ed80de40> using sinkinterface from clsid <class 'comtypes.gen._C866CA3A_32F7_11D2_9602_00C04F8EE628_0_5_4._ISpeechVoiceEvents'>
2023-11-12 00:01:28,559 - DEBUG: Release <POINTER(IProvideClassInfo2) ptr=0x1c6c2489350 at 1c6ed80d8c0>
2023-11-12 00:01:28,559 - DEBUG: <comtypes.client._events.CreateEventReceiver.<locals>.Sink object at 0x000001C6ED87F820>: _ISpeechVoiceEvents.VoiceChange not implemented
2023-11-12 00:01:28,560 - DEBUG: <comtypes.client._events.CreateEventReceiver.<locals>.Sink object at 0x000001C6ED87F820>: _ISpeechVoiceEvents.Bookmark not implemented
2023-11-12 00:01:28,560 - DEBUG: <comtypes.client._events.CreateEventReceiver.<locals>.Sink object at 0x000001C6ED87F820>: _ISpeechVoiceEvents.Word not implemented
2023-11-12 00:01:28,560 - DEBUG: <comtypes.client._events.CreateEventReceiver.<locals>.Sink object at 0x000001C6ED87F820>: _ISpeechVoiceEvents.Sentence not implemented
2023-11-12 00:01:28,560 - DEBUG: <comtypes.client._events.CreateEventReceiver.<locals>.Sink object at 0x000001C6ED87F820>: _ISpeechVoiceEvents.Phoneme not implemented
2023-11-12 00:01:28,560 - DEBUG: <comtypes.client._events.CreateEventReceiver.<locals>.Sink object at 0x000001C6ED87F820>: _ISpeechVoiceEvents.Viseme not implemented
2023-11-12 00:01:28,560 - DEBUG: <comtypes.client._events.CreateEventReceiver.<locals>.Sink object at 0x000001C6ED87F820>: _ISpeechVoiceEvents.AudioLevel not implemented
2023-11-12 00:01:28,560 - DEBUG: <comtypes.client._events.CreateEventReceiver.<locals>.Sink object at 0x000001C6ED87F820>: _ISpeechVoiceEvents.EnginePrivate not implemented
2023-11-12 00:01:28,560 - DEBUG: Start advise <class 'comtypes.gen._C866CA3A_32F7_11D2_9602_00C04F8EE628_0_5_4._ISpeechVoiceEvents'>
2023-11-12 00:01:28,560 - DEBUG: <comtypes.client._events.CreateEventReceiver.<locals>.Sink object at 0x000001C6ED87F820>.QueryInterface({A372ACD1-3BEF-4BBD-8FFB-CB3E2B416AF8}) -> S_OK
2023-11-12 00:01:28,560 - DEBUG: 1 active COM objects: Added   <comtypes.client._events.CreateEventReceiver.<locals>.Sink object at 0x000001C6ED87F820>
2023-11-12 00:01:28,560 - DEBUG: <comtypes.client._events.CreateEventReceiver.<locals>.Sink object at 0x000001C6ED87F820>.AddRef() -> 1
2023-11-12 00:01:28,564 - DEBUG: Release <POINTER(IConnectionPointContainer) ptr=0x1c6c2489358 at 1c6ed80e0c0>
2023-11-12 00:01:28,597 - DEBUG: wrap_outparam(<POINTER(ISpeechObjectToken) ptr=0x1c6c248a3b0 at 1c6ed80e0c0>)
2023-11-12 00:01:28,597 - DEBUG: Release <POINTER(ISpeechObjectToken) ptr=0x1c6c248a3b0 at 1c6ed80e0c0>
2023-11-12 00:01:28,598 - DEBUG: wrap_outparam(<POINTER(ISpeechObjectTokens) ptr=0x1c6edbbde40 at 1c6ed80e0c0>)
2023-11-12 00:01:28,598 - DEBUG: Release <POINTER(IUnknown) ptr=0x1c6ee98d700 at 1c6ed80e040>
2023-11-12 00:01:28,598 - DEBUG: wrap_outparam(<POINTER(IDispatch) ptr=0x1c6ee988420 at 1c6ed80e2c0>)
2023-11-12 00:01:28,598 - DEBUG: GetBestInterface(<POINTER(IDispatch) ptr=0x1c6ee988420 at 1c6ed80e2c0>)
2023-11-12 00:01:28,598 - DEBUG: Does NOT implement IProvideClassInfo, trying IProvideClassInfo2
2023-11-12 00:01:28,598 - DEBUG: Does NOT implement IProvideClassInfo/IProvideClassInfo2
2023-11-12 00:01:28,598 - DEBUG: Release <POINTER(IUnknown) ptr=0x1c6ebd131d0 at 1c6ed80e440>
2023-11-12 00:01:28,598 - DEBUG: Default interface is {C74A3ADC-B727-4500-A84A-B526721C8B8C}
2023-11-12 00:01:28,599 - DEBUG: Release <POINTER(IUnknown) ptr=0x1c6ee988420 at 1c6ed80e5c0>
2023-11-12 00:01:28,599 - DEBUG: GetModule(TLIBATTR(GUID={C866CA3A-32F7-11D2-9602-00C04F8EE628}, Version=5.4, LCID=0, FLags=0x8))
2023-11-12 00:01:28,599 - DEBUG: Implements default interface from typeinfo <class 'comtypes.gen._C866CA3A_32F7_11D2_9602_00C04F8EE628_0_5_4.ISpeechObjectToken'>
2023-11-12 00:01:28,599 - DEBUG: Final result is <POINTER(ISpeechObjectToken) ptr=0x1c6ee988420 at 1c6ed80e640>
2023-11-12 00:01:28,599 - DEBUG: Release <POINTER(IDispatch) ptr=0x1c6ee988420 at 1c6ed80e3c0>
2023-11-12 00:01:28,599 - DEBUG: Release <POINTER(ITypeInfo) ptr=0x1c6ebd131d0 at 1c6ed80e4c0>
2023-11-12 00:01:28,599 - DEBUG: Release <POINTER(ITypeLib) ptr=0x1c6ebd98410 at 1c6ed80e5c0>
2023-11-12 00:01:28,599 - DEBUG: Release <POINTER(IDispatch) ptr=0x1c6ee988420 at 1c6ed80e2c0>
2023-11-12 00:01:28,599 - DEBUG: Release <POINTER(IEnumVARIANT) ptr=0x1c6ee98d700 at 1c6ed80e1c0>
2023-11-12 00:01:28,599 - DEBUG: Release <POINTER(ISpeechObjectTokens) ptr=0x1c6edbbde40 at 1c6ed80e0c0>
2023-11-12 00:01:28,599 - DEBUG: Release <POINTER(ISpeechObjectToken) ptr=0x1c6ee988420 at 1c6ed80e640>
2023-11-12 00:01:28,643 - DEBUG: wrap_outparam(<POINTER(ISpeechObjectTokens) ptr=0x1c6edbbd840 at 1c6ed80e040>)
2023-11-12 00:01:28,643 - DEBUG: Release <POINTER(IUnknown) ptr=0x1c6ee98e420 at 1c6ed80e0c0>
2023-11-12 00:01:28,643 - DEBUG: Release <POINTER(ISpeechObjectTokens) ptr=0x1c6edbbd840 at 1c6ed80e040>
2023-11-12 00:01:28,643 - DEBUG: wrap_outparam(<POINTER(IDispatch) ptr=0x1c6ee987610 at 1c6ed80e340>)
2023-11-12 00:01:28,644 - DEBUG: GetBestInterface(<POINTER(IDispatch) ptr=0x1c6ee987610 at 1c6ed80e340>)
2023-11-12 00:01:28,644 - DEBUG: Does NOT implement IProvideClassInfo, trying IProvideClassInfo2
2023-11-12 00:01:28,644 - DEBUG: Does NOT implement IProvideClassInfo/IProvideClassInfo2
2023-11-12 00:01:28,644 - DEBUG: Release <POINTER(IUnknown) ptr=0x1c6ebd131d0 at 1c6ed80e5c0>
2023-11-12 00:01:28,644 - DEBUG: Default interface is {C74A3ADC-B727-4500-A84A-B526721C8B8C}
2023-11-12 00:01:28,644 - DEBUG: Release <POINTER(IUnknown) ptr=0x1c6ee987610 at 1c6ed80e6c0>
2023-11-12 00:01:28,644 - DEBUG: GetModule(TLIBATTR(GUID={C866CA3A-32F7-11D2-9602-00C04F8EE628}, Version=5.4, LCID=0, FLags=0x8))
2023-11-12 00:01:28,644 - DEBUG: Implements default interface from typeinfo <class 'comtypes.gen._C866CA3A_32F7_11D2_9602_00C04F8EE628_0_5_4.ISpeechObjectToken'>
2023-11-12 00:01:28,644 - DEBUG: Final result is <POINTER(ISpeechObjectToken) ptr=0x1c6ee987610 at 1c6ed80e3c0>
2023-11-12 00:01:28,644 - DEBUG: Release <POINTER(IDispatch) ptr=0x1c6ee987610 at 1c6ed80e4c0>
2023-11-12 00:01:28,644 - DEBUG: Release <POINTER(ITypeInfo) ptr=0x1c6ebd131d0 at 1c6ed80e140>
2023-11-12 00:01:28,644 - DEBUG: Release <POINTER(ITypeLib) ptr=0x1c6ebd98410 at 1c6ed80e6c0>
2023-11-12 00:01:28,644 - DEBUG: Release <POINTER(IDispatch) ptr=0x1c6ee987610 at 1c6ed80e340>
2023-11-12 00:01:28,645 - DEBUG: wrap_outparam(<POINTER(IDispatch) ptr=0x1c6ee9889c0 at 1c6ed80e340>)
2023-11-12 00:01:28,645 - DEBUG: GetBestInterface(<POINTER(IDispatch) ptr=0x1c6ee9889c0 at 1c6ed80e340>)
2023-11-12 00:01:28,645 - DEBUG: Does NOT implement IProvideClassInfo, trying IProvideClassInfo2
2023-11-12 00:01:28,645 - DEBUG: Does NOT implement IProvideClassInfo/IProvideClassInfo2
2023-11-12 00:01:28,645 - DEBUG: Release <POINTER(IUnknown) ptr=0x1c6ebd131d0 at 1c6ed80e0c0>
2023-11-12 00:01:28,645 - DEBUG: Default interface is {C74A3ADC-B727-4500-A84A-B526721C8B8C}
2023-11-12 00:01:28,645 - DEBUG: Release <POINTER(IUnknown) ptr=0x1c6ee9889c0 at 1c6ed80e4c0>
2023-11-12 00:01:28,645 - DEBUG: GetModule(TLIBATTR(GUID={C866CA3A-32F7-11D2-9602-00C04F8EE628}, Version=5.4, LCID=0, FLags=0x8))
2023-11-12 00:01:28,645 - DEBUG: Implements default interface from typeinfo <class 'comtypes.gen._C866CA3A_32F7_11D2_9602_00C04F8EE628_0_5_4.ISpeechObjectToken'>
2023-11-12 00:01:28,645 - DEBUG: Final result is <POINTER(ISpeechObjectToken) ptr=0x1c6ee9889c0 at 1c6ed80e440>
2023-11-12 00:01:28,645 - DEBUG: Release <POINTER(IDispatch) ptr=0x1c6ee9889c0 at 1c6ed80e6c0>
2023-11-12 00:01:28,645 - DEBUG: Release <POINTER(ITypeInfo) ptr=0x1c6ebd131d0 at 1c6ed80e5c0>
2023-11-12 00:01:28,645 - DEBUG: Release <POINTER(ITypeLib) ptr=0x1c6ebd98410 at 1c6ed80e4c0>
2023-11-12 00:01:28,645 - DEBUG: Release <POINTER(IDispatch) ptr=0x1c6ee9889c0 at 1c6ed80e340>
2023-11-12 00:01:28,645 - DEBUG: Release <POINTER(ISpeechObjectToken) ptr=0x1c6ee987610 at 1c6ed80e3c0>
2023-11-12 00:01:28,645 - DEBUG: Release <POINTER(ISpeechObjectToken) ptr=0x1c6ee9889c0 at 1c6ed80e440>
2023-11-12 00:01:28,645 - DEBUG: Release <POINTER(IEnumVARIANT) ptr=0x1c6ee98e420 at 1c6ed80e2c0>
2023-11-12 00:01:52,517 - DEBUG: Calling CoUninitialize()
2023-11-12 00:01:52,517 - DEBUG: CoUninitialize() done.
2023-11-12 00:02:39,752 - DEBUG: CoInitializeEx(None, 2)
2023-11-12 00:02:39,819 - INFO: Imported existing <module 'comtypes.gen' from 'C:\\Users\\cjswo\\PycharmProjects\\ai3\\venv\\lib\\site-packages\\comtypes\\gen\\__init__.py'>
2023-11-12 00:02:39,819 - INFO: Using writeable comtypes cache directory: 'C:\Users\cjswo\PycharmProjects\ai3\venv\lib\site-packages\comtypes\gen'
2023-11-12 00:02:39,843 - DEBUG: SAPI.SPVoice -> {96749377-3391-11D2-9EE3-00C04F797396}
2023-11-12 00:02:39,843 - DEBUG: CoCreateInstance({96749377-3391-11D2-9EE3-00C04F797396}, clsctx=None, interface=None)
2023-11-12 00:02:39,849 - DEBUG: GetBestInterface(<POINTER(IUnknown) ptr=0x1bba43c92f0 at 1bbcf6b98c0>)
2023-11-12 00:02:39,849 - DEBUG: Does implement IProvideClassInfo
2023-11-12 00:02:39,850 - DEBUG: Default interface is {269316D8-57BD-11D2-9EEE-00C04F797396}
2023-11-12 00:02:39,850 - DEBUG: Release <POINTER(IUnknown) ptr=0x1bba43c9330 at 1bbcf6b9dc0>
2023-11-12 00:02:39,850 - DEBUG: GetModule(TLIBATTR(GUID={C866CA3A-32F7-11D2-9602-00C04F8EE628}, Version=5.4, LCID=0, FLags=0x8))
2023-11-12 00:02:39,850 - DEBUG: Implements default interface from typeinfo <class 'comtypes.gen._C866CA3A_32F7_11D2_9602_00C04F8EE628_0_5_4.ISpeechVoice'>
2023-11-12 00:02:39,850 - DEBUG: Final result is <POINTER(ISpeechVoice) ptr=0x1bba43c9330 at 1bbcf6b9e40>
2023-11-12 00:02:39,850 - DEBUG: Release <POINTER(IProvideClassInfo) ptr=0x1bba43c9350 at 1bbcf6b97c0>
2023-11-12 00:02:39,850 - DEBUG: Release <POINTER(ITypeInfo) ptr=0x1bbcdccca08 at 1bbcf6b96c0>
2023-11-12 00:02:39,850 - DEBUG: Release <POINTER(ITypeInfo) ptr=0x1bbcdccca60 at 1bbcf6b9bc0>
2023-11-12 00:02:39,850 - DEBUG: Release <POINTER(ITypeLib) ptr=0x1bbcde6a1e0 at 1bbcf6b9dc0>
2023-11-12 00:02:39,850 - DEBUG: Release <POINTER(IUnknown) ptr=0x1bba43c92f0 at 1bbcf6b98c0>
2023-11-12 00:02:39,851 - DEBUG: <POINTER(ISpeechVoice) ptr=0x1bba43c9330 at 1bbcf6b9e40> using sinkinterface from clsid <class 'comtypes.gen._C866CA3A_32F7_11D2_9602_00C04F8EE628_0_5_4._ISpeechVoiceEvents'>
2023-11-12 00:02:39,851 - DEBUG: Release <POINTER(IProvideClassInfo2) ptr=0x1bba43c9350 at 1bbcf6b98c0>
2023-11-12 00:02:39,851 - DEBUG: <comtypes.client._events.CreateEventReceiver.<locals>.Sink object at 0x000001BBCF72F820>: _ISpeechVoiceEvents.VoiceChange not implemented
2023-11-12 00:02:39,851 - DEBUG: <comtypes.client._events.CreateEventReceiver.<locals>.Sink object at 0x000001BBCF72F820>: _ISpeechVoiceEvents.Bookmark not implemented
2023-11-12 00:02:39,851 - DEBUG: <comtypes.client._events.CreateEventReceiver.<locals>.Sink object at 0x000001BBCF72F820>: _ISpeechVoiceEvents.Word not implemented
2023-11-12 00:02:39,851 - DEBUG: <comtypes.client._events.CreateEventReceiver.<locals>.Sink object at 0x000001BBCF72F820>: _ISpeechVoiceEvents.Sentence not implemented
2023-11-12 00:02:39,851 - DEBUG: <comtypes.client._events.CreateEventReceiver.<locals>.Sink object at 0x000001BBCF72F820>: _ISpeechVoiceEvents.Phoneme not implemented
2023-11-12 00:02:39,851 - DEBUG: <comtypes.client._events.CreateEventReceiver.<locals>.Sink object at 0x000001BBCF72F820>: _ISpeechVoiceEvents.Viseme not implemented
2023-11-12 00:02:39,851 - DEBUG: <comtypes.client._events.CreateEventReceiver.<locals>.Sink object at 0x000001BBCF72F820>: _ISpeechVoiceEvents.AudioLevel not implemented
2023-11-12 00:02:39,851 - DEBUG: <comtypes.client._events.CreateEventReceiver.<locals>.Sink object at 0x000001BBCF72F820>: _ISpeechVoiceEvents.EnginePrivate not implemented
2023-11-12 00:02:39,851 - DEBUG: Start advise <class 'comtypes.gen._C866CA3A_32F7_11D2_9602_00C04F8EE628_0_5_4._ISpeechVoiceEvents'>
2023-11-12 00:02:39,851 - DEBUG: <comtypes.client._events.CreateEventReceiver.<locals>.Sink object at 0x000001BBCF72F820>.QueryInterface({A372ACD1-3BEF-4BBD-8FFB-CB3E2B416AF8}) -> S_OK
2023-11-12 00:02:39,851 - DEBUG: 1 active COM objects: Added   <comtypes.client._events.CreateEventReceiver.<locals>.Sink object at 0x000001BBCF72F820>
2023-11-12 00:02:39,851 - DEBUG: <comtypes.client._events.CreateEventReceiver.<locals>.Sink object at 0x000001BBCF72F820>.AddRef() -> 1
2023-11-12 00:02:39,854 - DEBUG: Release <POINTER(IConnectionPointContainer) ptr=0x1bba43c9358 at 1bbcf6ba0c0>
2023-11-12 00:02:39,887 - DEBUG: wrap_outparam(<POINTER(ISpeechObjectToken) ptr=0x1bba43ca3b0 at 1bbcf6ba0c0>)
2023-11-12 00:02:39,887 - DEBUG: Release <POINTER(ISpeechObjectToken) ptr=0x1bba43ca3b0 at 1bbcf6ba0c0>
2023-11-12 00:02:39,888 - DEBUG: wrap_outparam(<POINTER(ISpeechObjectTokens) ptr=0x1bbcfb1cf40 at 1bbcf6ba0c0>)
2023-11-12 00:02:39,888 - DEBUG: Release <POINTER(IUnknown) ptr=0x1bbd089da00 at 1bbcf6ba040>
2023-11-12 00:02:39,888 - DEBUG: wrap_outparam(<POINTER(IDispatch) ptr=0x1bbd08991a0 at 1bbcf6ba2c0>)
2023-11-12 00:02:39,888 - DEBUG: GetBestInterface(<POINTER(IDispatch) ptr=0x1bbd08991a0 at 1bbcf6ba2c0>)
2023-11-12 00:02:39,888 - DEBUG: Does NOT implement IProvideClassInfo, trying IProvideClassInfo2
2023-11-12 00:02:39,888 - DEBUG: Does NOT implement IProvideClassInfo/IProvideClassInfo2
2023-11-12 00:02:39,888 - DEBUG: Release <POINTER(IUnknown) ptr=0x1bbcdcccb10 at 1bbcf6ba440>
2023-11-12 00:02:39,889 - DEBUG: Default interface is {C74A3ADC-B727-4500-A84A-B526721C8B8C}
2023-11-12 00:02:39,889 - DEBUG: Release <POINTER(IUnknown) ptr=0x1bbd08991a0 at 1bbcf6ba5c0>
2023-11-12 00:02:39,889 - DEBUG: GetModule(TLIBATTR(GUID={C866CA3A-32F7-11D2-9602-00C04F8EE628}, Version=5.4, LCID=0, FLags=0x8))
2023-11-12 00:02:39,889 - DEBUG: Implements default interface from typeinfo <class 'comtypes.gen._C866CA3A_32F7_11D2_9602_00C04F8EE628_0_5_4.ISpeechObjectToken'>
2023-11-12 00:02:39,889 - DEBUG: Final result is <POINTER(ISpeechObjectToken) ptr=0x1bbd08991a0 at 1bbcf6ba640>
2023-11-12 00:02:39,889 - DEBUG: Release <POINTER(IDispatch) ptr=0x1bbd08991a0 at 1bbcf6ba3c0>
2023-11-12 00:02:39,889 - DEBUG: Release <POINTER(ITypeInfo) ptr=0x1bbcdcccb10 at 1bbcf6ba4c0>
2023-11-12 00:02:39,889 - DEBUG: Release <POINTER(ITypeLib) ptr=0x1bbcde6a1e0 at 1bbcf6ba5c0>
2023-11-12 00:02:39,889 - DEBUG: Release <POINTER(IDispatch) ptr=0x1bbd08991a0 at 1bbcf6ba2c0>
2023-11-12 00:02:39,889 - DEBUG: Release <POINTER(IEnumVARIANT) ptr=0x1bbd089da00 at 1bbcf6ba1c0>
2023-11-12 00:02:39,889 - DEBUG: Release <POINTER(ISpeechObjectTokens) ptr=0x1bbcfb1cf40 at 1bbcf6ba0c0>
2023-11-12 00:02:39,889 - DEBUG: Release <POINTER(ISpeechObjectToken) ptr=0x1bbd08991a0 at 1bbcf6ba640>
2023-11-12 00:02:39,930 - DEBUG: wrap_outparam(<POINTER(ISpeechObjectTokens) ptr=0x1bbcfb1e740 at 1bbcf6ba040>)
2023-11-12 00:02:39,930 - DEBUG: Release <POINTER(IUnknown) ptr=0x1bbd089d0a0 at 1bbcf6ba0c0>
2023-11-12 00:02:39,930 - DEBUG: Release <POINTER(ISpeechObjectTokens) ptr=0x1bbcfb1e740 at 1bbcf6ba040>
2023-11-12 00:02:39,930 - DEBUG: wrap_outparam(<POINTER(IDispatch) ptr=0x1bbd08991a0 at 1bbcf6ba340>)
2023-11-12 00:02:39,930 - DEBUG: GetBestInterface(<POINTER(IDispatch) ptr=0x1bbd08991a0 at 1bbcf6ba340>)
2023-11-12 00:02:39,930 - DEBUG: Does NOT implement IProvideClassInfo, trying IProvideClassInfo2
2023-11-12 00:02:39,930 - DEBUG: Does NOT implement IProvideClassInfo/IProvideClassInfo2
2023-11-12 00:02:39,931 - DEBUG: Release <POINTER(IUnknown) ptr=0x1bbcdcccb10 at 1bbcf6ba5c0>
2023-11-12 00:02:39,931 - DEBUG: Default interface is {C74A3ADC-B727-4500-A84A-B526721C8B8C}
2023-11-12 00:02:39,931 - DEBUG: Release <POINTER(IUnknown) ptr=0x1bbd08991a0 at 1bbcf6ba6c0>
2023-11-12 00:02:39,931 - DEBUG: GetModule(TLIBATTR(GUID={C866CA3A-32F7-11D2-9602-00C04F8EE628}, Version=5.4, LCID=0, FLags=0x8))
2023-11-12 00:02:39,931 - DEBUG: Implements default interface from typeinfo <class 'comtypes.gen._C866CA3A_32F7_11D2_9602_00C04F8EE628_0_5_4.ISpeechObjectToken'>
2023-11-12 00:02:39,931 - DEBUG: Final result is <POINTER(ISpeechObjectToken) ptr=0x1bbd08991a0 at 1bbcf6ba3c0>
2023-11-12 00:02:39,931 - DEBUG: Release <POINTER(IDispatch) ptr=0x1bbd08991a0 at 1bbcf6ba4c0>
2023-11-12 00:02:39,931 - DEBUG: Release <POINTER(ITypeInfo) ptr=0x1bbcdcccb10 at 1bbcf6ba140>
2023-11-12 00:02:39,931 - DEBUG: Release <POINTER(ITypeLib) ptr=0x1bbcde6a1e0 at 1bbcf6ba6c0>
2023-11-12 00:02:39,931 - DEBUG: Release <POINTER(IDispatch) ptr=0x1bbd08991a0 at 1bbcf6ba340>
2023-11-12 00:02:39,931 - DEBUG: wrap_outparam(<POINTER(IDispatch) ptr=0x1bbd0899230 at 1bbcf6ba340>)
2023-11-12 00:02:39,931 - DEBUG: GetBestInterface(<POINTER(IDispatch) ptr=0x1bbd0899230 at 1bbcf6ba340>)
2023-11-12 00:02:39,931 - DEBUG: Does NOT implement IProvideClassInfo, trying IProvideClassInfo2
2023-11-12 00:02:39,931 - DEBUG: Does NOT implement IProvideClassInfo/IProvideClassInfo2
2023-11-12 00:02:39,931 - DEBUG: Release <POINTER(IUnknown) ptr=0x1bbcdcccb10 at 1bbcf6ba0c0>
2023-11-12 00:02:39,931 - DEBUG: Default interface is {C74A3ADC-B727-4500-A84A-B526721C8B8C}
2023-11-12 00:02:39,931 - DEBUG: Release <POINTER(IUnknown) ptr=0x1bbd0899230 at 1bbcf6ba4c0>
2023-11-12 00:02:39,931 - DEBUG: GetModule(TLIBATTR(GUID={C866CA3A-32F7-11D2-9602-00C04F8EE628}, Version=5.4, LCID=0, FLags=0x8))
2023-11-12 00:02:39,931 - DEBUG: Implements default interface from typeinfo <class 'comtypes.gen._C866CA3A_32F7_11D2_9602_00C04F8EE628_0_5_4.ISpeechObjectToken'>
2023-11-12 00:02:39,931 - DEBUG: Final result is <POINTER(ISpeechObjectToken) ptr=0x1bbd0899230 at 1bbcf6ba440>
2023-11-12 00:02:39,931 - DEBUG: Release <POINTER(IDispatch) ptr=0x1bbd0899230 at 1bbcf6ba6c0>
2023-11-12 00:02:39,931 - DEBUG: Release <POINTER(ITypeInfo) ptr=0x1bbcdcccb10 at 1bbcf6ba5c0>
2023-11-12 00:02:39,932 - DEBUG: Release <POINTER(ITypeLib) ptr=0x1bbcde6a1e0 at 1bbcf6ba4c0>
2023-11-12 00:02:39,932 - DEBUG: Release <POINTER(IDispatch) ptr=0x1bbd0899230 at 1bbcf6ba340>
2023-11-12 00:02:39,932 - DEBUG: Release <POINTER(ISpeechObjectToken) ptr=0x1bbd08991a0 at 1bbcf6ba3c0>
2023-11-12 00:02:39,932 - DEBUG: Release <POINTER(ISpeechObjectToken) ptr=0x1bbd0899230 at 1bbcf6ba440>
2023-11-12 00:02:39,932 - DEBUG: Release <POINTER(IEnumVARIANT) ptr=0x1bbd089d0a0 at 1bbcf6ba2c0>
2023-11-12 00:02:49,362 - DEBUG: Calling CoUninitialize()
2023-11-12 00:02:49,362 - DEBUG: CoUninitialize() done.
